2026-01-24 15:14:18 INFO  org.main.Main - Password Manager application started
2026-01-24 15:15:14 INFO  org.main.Main - Main menu choice selected: 2
2026-01-24 15:15:40 INFO  service.UserService - Login attempt: soumya15.01@gmail.com
2026-01-24 15:15:41 INFO  service.UserService - Vault initialized for userId=6
2026-01-24 15:15:42 INFO  org.main.Main - Login successful. userId=6
2026-01-24 15:15:57 INFO  org.main.Main - User menu option selected: 3 (userId=6)
2026-01-24 15:15:57 INFO  org.main.Main - Listing accounts. userId=6
2026-01-24 15:15:57 INFO  service.UserService - Listing passwords for userId=6
2026-01-24 15:17:14 INFO  org.main.Main - User menu option selected: 2 (userId=6)
2026-01-24 15:17:36 INFO  service.UserService - Adding account Instagram for userId=6
2026-01-24 15:17:36 INFO  org.main.Main - Account added. userId=6, account=Instagram
2026-01-24 15:17:51 INFO  org.main.Main - User menu option selected: 8 (userId=6)
2026-01-24 15:17:51 ERROR org.main.Main - Unhandled exception occurred
java.lang.RuntimeException: User not found!
	at service.UserService.getUserById(UserService.java:250) ~[classes/:?]
	at service.UserService.generateVerificationCode(UserService.java:209) ~[classes/:?]
	at org.main.Main.main(Main.java:183) [classes/:?]
2026-01-24 16:36:25 INFO  org.main.Main - Main menu choice selected: 1
2026-01-24 16:36:55 INFO  service.UserService - Registering user: Soumya15.01@gmail.com
2026-01-24 16:36:55 INFO  service.UserService - User registered successfully. userId=7
2026-01-24 16:36:55 INFO  org.main.Main - User registered successfully. Email: Soumya15.01@gmail.com
2026-01-24 16:36:59 INFO  org.main.Main - Main menu choice selected: 2
2026-01-24 16:37:14 INFO  service.UserService - Login attempt: soumya15.01@gmail.com
2026-01-24 16:37:14 INFO  service.UserService - Vault initialized for userId=7
2026-01-24 16:37:14 INFO  org.main.Main - Login successful. userId=7
2026-01-24 16:37:19 INFO  org.main.Main - User menu option selected: 2 (userId=7)
2026-01-24 16:37:36 INFO  service.UserService - Adding account Instagram for userId=7
2026-01-24 16:37:36 INFO  org.main.Main - Account added. userId=7, account=Instagram
2026-01-24 16:37:41 INFO  org.main.Main - User menu option selected: 3 (userId=7)
2026-01-24 16:37:41 INFO  org.main.Main - Listing accounts. userId=7
2026-01-24 16:37:41 INFO  service.UserService - Listing passwords for userId=7
2026-01-24 16:38:01 INFO  org.main.Main - User menu option selected: 4 (userId=7)
2026-01-24 16:38:01 INFO  service.UserService - Listing passwords for userId=7
2026-01-24 16:38:14 INFO  service.UserService - Viewing password for accountId=2
2026-01-24 16:38:14 INFO  org.main.Main - Viewed account details. userId=7, accountId=2
2026-01-24 16:38:39 INFO  org.main.Main - User menu option selected: 7 (userId=7)
2026-01-24 16:38:50 INFO  service.UserService - Changing security question for userId=7
2026-01-24 16:38:50 INFO  org.main.Main - Security question changed. userId=7
2026-01-24 16:39:06 INFO  org.main.Main - User menu option selected: 8 (userId=7)
2026-01-24 16:39:06 INFO  service.UserService - Verification code generated for userId=7
2026-01-24 16:39:12 INFO  org.main.Main - Verification code generated. userId=7
2026-01-24 16:40:32 INFO  service.UserService - Validating verification code for userId=7
2026-01-24 16:40:32 WARN  org.main.Main - Invalid verification code. userId=7
2026-01-24 16:48:08 INFO  org.main.Main - Password Manager application started
2026-01-24 16:48:38 INFO  org.main.Main - Main menu choice selected: 2
2026-01-24 16:48:55 INFO  org.main.Main - Login successful. userId=7
2026-01-24 16:49:02 INFO  org.main.Main - User menu option selected: 3 (userId=7)
2026-01-24 16:49:02 INFO  org.main.Main - Listing accounts. userId=7
2026-01-24 16:49:14 INFO  org.main.Main - User menu option selected: 2 (userId=7)
2026-01-24 16:49:34 INFO  service.UserService - Password added for userId=7 account=instagram
2026-01-24 16:49:34 INFO  org.main.Main - Account added. userId=7, account=instagram
2026-01-24 16:49:49 INFO  org.main.Main - User menu option selected: 8 (userId=7)
2026-01-24 16:49:50 ERROR org.main.Main - Unhandled exception occurred
java.sql.SQLSyntaxErrorException: Unknown column 'created_at' in 'field list'
	at com.mysql.cj.jdbc.exceptions.SQLError.createSQLException(SQLError.java:121) ~[mysql-connector-j-8.3.0.jar:8.3.0]
	at com.mysql.cj.jdbc.exceptions.SQLExceptionsMapping.translateException(SQLExceptionsMapping.java:122) ~[mysql-connector-j-8.3.0.jar:8.3.0]
	at com.mysql.cj.jdbc.ClientPreparedStatement.executeInternal(ClientPreparedStatement.java:912) ~[mysql-connector-j-8.3.0.jar:8.3.0]
	at com.mysql.cj.jdbc.ClientPreparedStatement.executeUpdateInternal(ClientPreparedStatement.java:1054) ~[mysql-connector-j-8.3.0.jar:8.3.0]
	at com.mysql.cj.jdbc.ClientPreparedStatement.executeUpdateInternal(ClientPreparedStatement.java:1003) ~[mysql-connector-j-8.3.0.jar:8.3.0]
	at com.mysql.cj.jdbc.ClientPreparedStatement.executeLargeUpdate(ClientPreparedStatement.java:1312) ~[mysql-connector-j-8.3.0.jar:8.3.0]
	at com.mysql.cj.jdbc.ClientPreparedStatement.executeUpdate(ClientPreparedStatement.java:988) ~[mysql-connector-j-8.3.0.jar:8.3.0]
	at dao.VerificationCodeDAO.saveCode(VerificationCodeDAO.java:65) ~[classes/:?]
	at service.UserService.generateVerificationCode(UserService.java:136) ~[classes/:?]
	at org.main.Main.main(Main.java:183) [classes/:?]
2026-01-24 16:52:43 INFO  org.main.Main - Main menu choice selected: 2
2026-01-24 16:52:55 INFO  org.main.Main - Login successful. userId=7
2026-01-24 16:52:59 INFO  org.main.Main - User menu option selected: 8 (userId=7)
2026-01-24 16:52:59 ERROR org.main.Main - Unhandled exception occurred
java.sql.SQLException: Field 'expires_at' doesn't have a default value
	at com.mysql.cj.jdbc.exceptions.SQLError.createSQLException(SQLError.java:130) ~[mysql-connector-j-8.3.0.jar:8.3.0]
	at com.mysql.cj.jdbc.exceptions.SQLExceptionsMapping.translateException(SQLExceptionsMapping.java:122) ~[mysql-connector-j-8.3.0.jar:8.3.0]
	at com.mysql.cj.jdbc.ClientPreparedStatement.executeInternal(ClientPreparedStatement.java:912) ~[mysql-connector-j-8.3.0.jar:8.3.0]
	at com.mysql.cj.jdbc.ClientPreparedStatement.executeUpdateInternal(ClientPreparedStatement.java:1054) ~[mysql-connector-j-8.3.0.jar:8.3.0]
	at com.mysql.cj.jdbc.ClientPreparedStatement.executeUpdateInternal(ClientPreparedStatement.java:1003) ~[mysql-connector-j-8.3.0.jar:8.3.0]
	at com.mysql.cj.jdbc.ClientPreparedStatement.executeLargeUpdate(ClientPreparedStatement.java:1312) ~[mysql-connector-j-8.3.0.jar:8.3.0]
	at com.mysql.cj.jdbc.ClientPreparedStatement.executeUpdate(ClientPreparedStatement.java:988) ~[mysql-connector-j-8.3.0.jar:8.3.0]
	at dao.VerificationCodeDAO.saveCode(VerificationCodeDAO.java:65) ~[classes/:?]
	at service.UserService.generateVerificationCode(UserService.java:136) ~[classes/:?]
	at org.main.Main.main(Main.java:183) [classes/:?]
2026-01-24 16:56:29 INFO  org.main.Main - Password Manager application started
2026-01-24 16:57:05 INFO  org.main.Main - Main menu choice selected: 2
2026-01-24 16:57:21 INFO  org.main.Main - Login successful. userId=7
2026-01-24 16:57:25 INFO  org.main.Main - User menu option selected: 8 (userId=7)
2026-01-24 16:57:25 INFO  service.UserService - Verification code sent to Soumya15.01@gmail.com
2026-01-24 16:57:25 INFO  org.main.Main - Verification code generated. userId=7
2026-01-24 16:57:46 ERROR org.main.Main - Unhandled exception occurred
java.sql.SQLSyntaxErrorException: Unknown column 'verification_code' in 'field list'
	at com.mysql.cj.jdbc.exceptions.SQLError.createSQLException(SQLError.java:121) ~[mysql-connector-j-8.3.0.jar:8.3.0]
	at com.mysql.cj.jdbc.exceptions.SQLExceptionsMapping.translateException(SQLExceptionsMapping.java:122) ~[mysql-connector-j-8.3.0.jar:8.3.0]
	at com.mysql.cj.jdbc.ClientPreparedStatement.executeInternal(ClientPreparedStatement.java:912) ~[mysql-connector-j-8.3.0.jar:8.3.0]
	at com.mysql.cj.jdbc.ClientPreparedStatement.executeQuery(ClientPreparedStatement.java:968) ~[mysql-connector-j-8.3.0.jar:8.3.0]
	at dao.VerificationCodeDAO.getCode(VerificationCodeDAO.java:92) ~[classes/:?]
	at service.UserService.validateCode(UserService.java:146) ~[classes/:?]
	at org.main.Main.main(Main.java:190) [classes/:?]
2026-01-24 16:57:46 ERROR org.main.Main - Unhandled exception occurred
java.lang.NumberFormatException: For input string: ""
	at java.base/java.lang.NumberFormatException.forInputString(NumberFormatException.java:67) ~[?:?]
	at java.base/java.lang.Integer.parseInt(Integer.java:672) ~[?:?]
	at java.base/java.lang.Integer.parseInt(Integer.java:778) ~[?:?]
	at org.main.Main.main(Main.java:30) [classes/:?]
2026-01-24 16:57:47 INFO  org.main.Main - Main menu choice selected: 0
2026-01-24 16:57:50 INFO  org.main.Main - Main menu choice selected: 2
2026-01-24 16:58:01 INFO  org.main.Main - Login successful. userId=7
2026-01-24 16:58:04 INFO  org.main.Main - User menu option selected: 8 (userId=7)
2026-01-24 16:58:04 INFO  service.UserService - Verification code sent to Soumya15.01@gmail.com
2026-01-24 16:58:04 INFO  org.main.Main - Verification code generated. userId=7
2026-01-24 16:58:44 INFO  org.main.Main - Password Manager application started
2026-01-24 16:59:15 INFO  org.main.Main - Main menu choice selected: 2
2026-01-24 16:59:27 INFO  org.main.Main - Login successful. userId=7
2026-01-24 16:59:30 INFO  org.main.Main - User menu option selected: 8 (userId=7)
2026-01-24 16:59:35 INFO  service.UserService - Verification code sent to Soumya15.01@gmail.com
2026-01-24 16:59:35 INFO  org.main.Main - Verification code generated. userId=7
2026-01-24 17:00:36 ERROR org.main.Main - Unhandled exception occurred
java.sql.SQLSyntaxErrorException: Unknown column 'verification_code' in 'field list'
	at com.mysql.cj.jdbc.exceptions.SQLError.createSQLException(SQLError.java:121) ~[mysql-connector-j-8.3.0.jar:8.3.0]
	at com.mysql.cj.jdbc.exceptions.SQLExceptionsMapping.translateException(SQLExceptionsMapping.java:122) ~[mysql-connector-j-8.3.0.jar:8.3.0]
	at com.mysql.cj.jdbc.ClientPreparedStatement.executeInternal(ClientPreparedStatement.java:912) ~[mysql-connector-j-8.3.0.jar:8.3.0]
	at com.mysql.cj.jdbc.ClientPreparedStatement.executeQuery(ClientPreparedStatement.java:968) ~[mysql-connector-j-8.3.0.jar:8.3.0]
	at dao.VerificationCodeDAO.getCode(VerificationCodeDAO.java:92) ~[classes/:?]
	at service.UserService.validateCode(UserService.java:146) ~[classes/:?]
	at org.main.Main.main(Main.java:190) [classes/:?]
2026-01-24 17:10:22 INFO  org.main.Main - Password Manager application started
2026-01-24 17:10:27 INFO  org.main.Main - Main menu choice selected: 2
2026-01-24 17:10:41 INFO  org.main.Main - Login successful. userId=7
2026-01-24 17:10:45 INFO  org.main.Main - User menu option selected: 8 (userId=7)
2026-01-24 17:10:50 INFO  service.UserService - Verification code sent to Soumya15.01@gmail.com
2026-01-24 17:10:50 INFO  org.main.Main - Verification code generated. userId=7
2026-01-24 17:11:55 WARN  org.main.Main - Invalid verification code. userId=7
2026-01-24 17:15:49 INFO  org.main.Main - Password Manager application started
2026-01-24 17:15:52 INFO  org.main.Main - Main menu choice selected: 2
2026-01-24 17:16:09 INFO  org.main.Main - Login successful. userId=7
2026-01-24 17:16:12 INFO  org.main.Main - User menu option selected: 8 (userId=7)
2026-01-24 17:16:17 INFO  service.UserService - Verification code sent to Soumya15.01@gmail.com
2026-01-24 17:16:17 INFO  org.main.Main - Verification code generated. userId=7
2026-01-24 17:44:53 INFO  org.main.Main - Password Manager application started
2026-01-24 17:45:26 INFO  org.main.Main - Password Manager application started
2026-01-24 17:45:31 INFO  org.main.Main - Main menu choice selected: 2
2026-01-24 17:46:33 INFO  org.main.Main - Login successful. userId=7
2026-01-24 17:46:35 INFO  org.main.Main - User menu option selected: 8 (userId=7)
2026-01-24 17:46:41 INFO  service.UserService - Verification code sent to Soumya15.01@gmail.com
2026-01-24 17:46:41 INFO  org.main.Main - Verification code generated. userId=7
2026-01-24 17:47:20 WARN  org.main.Main - Invalid verification code. userId=7
2026-01-24 17:56:25 INFO  org.main.Main - Password Manager application started
2026-01-24 17:56:36 INFO  org.main.Main - Main menu choice selected: 2
2026-01-24 17:56:53 INFO  org.main.Main - Login successful. userId=7
2026-01-24 17:56:56 INFO  org.main.Main - User menu option selected: 8 (userId=7)
2026-01-24 17:57:01 INFO  service.UserService - Verification code sent to Soumya15.01@gmail.com
2026-01-24 17:57:01 INFO  org.main.Main - Verification code generated. userId=7
2026-01-24 18:06:57 INFO  org.main.Main - Password Manager application started
2026-01-24 18:07:01 INFO  org.main.Main - Main menu choice selected: 1
2026-01-24 18:07:40 INFO  service.UserService - Registering user: soumy15.01@gmail.com
2026-01-24 18:07:40 INFO  service.UserService - User registered successfully with userId=8
2026-01-24 18:07:40 INFO  org.main.Main - User registered successfully. Email: soumy15.01@gmail.com
2026-01-24 18:07:43 INFO  org.main.Main - Main menu choice selected: 2
2026-01-24 18:07:57 INFO  org.main.Main - Login successful. userId=8
2026-01-24 18:08:00 INFO  org.main.Main - User menu option selected: 8 (userId=8)
2026-01-24 18:08:05 INFO  service.UserService - Verification code sent to soumy15.01@gmail.com
2026-01-24 18:08:05 INFO  org.main.Main - Verification code generated. userId=8
2026-01-24 18:08:48 INFO  service.UserService - Master password updated for userId=8
2026-01-24 18:08:48 WARN  org.main.Main - Master password changed. userId=8
