2026-01-28 16:12:51 INFO  org.main.Main - Password Manager application started
2026-01-28 16:14:29 INFO  org.main.Main - Main menu choice selected: 2
2026-01-28 16:14:46 WARN  service.UserService - Invalid login attempt for Soumy15.01@gmail.com
2026-01-28 16:14:49 INFO  org.main.Main - Main menu choice selected: 2
2026-01-28 16:15:19 WARN  service.UserService - Invalid login attempt for soumy15.01@gmail.com
2026-01-28 16:17:10 INFO  org.main.Main - Main menu choice selected: 2
2026-01-28 16:17:22 WARN  service.UserService - Invalid login attempt for soumy15.01@gmail.com
2026-01-28 16:22:00 INFO  org.main.Main - Password Manager application started
2026-01-28 16:22:03 INFO  org.main.Main - Main menu choice selected: 4
2026-01-28 16:22:14 INFO  org.main.Main - Password Manager application started
2026-01-28 16:22:16 INFO  org.main.Main - Main menu choice selected: 3
2026-01-28 16:22:34 INFO  service.UserService - Verification code sent to soumy15.01@gmail.com
2026-01-28 16:23:09 ERROR org.main.Main - Unhandled exception
java.lang.RuntimeException: Old master password incorrect!
	at service.UserService.changeMasterPassword(UserService.java:159) ~[classes/:?]
	at org.main.Main.main(Main.java:293) [classes/:?]
2026-01-28 16:33:17 INFO  org.main.Main - Password Manager application started
2026-01-28 16:33:22 INFO  org.main.Main - Main menu choice selected: 3
2026-01-28 16:33:42 INFO  service.UserService - Verification code sent to soumy15.01@gmail.com
2026-01-28 16:34:01 INFO  service.UserService - Master password reset for userId=8
2026-01-28 16:34:08 INFO  org.main.Main - Main menu choice selected: 2
2026-01-28 16:34:25 INFO  org.main.Main - Login successful. userId=8
2026-01-28 16:34:37 INFO  org.main.Main - User menu option selected: 3
2026-01-28 16:34:47 INFO  org.main.Main - User menu option selected: 6
2026-01-28 16:34:50 INFO  service.UserService - Password deleted for passwordId=8
2026-01-28 16:34:56 INFO  org.main.Main - User menu option selected: 2
2026-01-28 16:35:14 INFO  service.UserService - Password added for userId=8 account=Twitter
2026-01-28 16:35:23 INFO  org.main.Main - User menu option selected: 4
2026-01-28 17:00:20 INFO  org.main.Main - User menu option selected: 3
2026-01-28 22:07:44 INFO  org.main.Main - Password Manager application started
2026-01-28 22:07:54 INFO  org.main.Main - Main menu choice selected: 2
2026-01-28 22:08:13 INFO  org.main.Main - Login successful. userId=8
2026-01-28 22:08:26 INFO  org.main.Main - User menu option selected: 3
2026-01-28 22:08:36 INFO  org.main.Main - User menu option selected: 4
2026-01-28 22:10:33 INFO  org.main.Main - User menu option selected: 9
2026-01-28 22:10:38 INFO  org.main.Main - Main menu choice selected: 1
2026-01-28 22:11:29 INFO  org.main.Main - Password Manager application started
2026-01-28 22:11:34 INFO  org.main.Main - Main menu choice selected: 1
2026-01-28 22:12:13 INFO  service.UserService - Registering user: ianmolkumar25@gmail.com
2026-01-28 22:12:14 INFO  service.UserService - User registered successfully with userId=9
2026-01-28 22:12:14 INFO  org.main.Main - User registered successfully. Email=ianmolkumar25@gmail.com
2026-01-28 22:12:18 INFO  org.main.Main - Main menu choice selected: 2
2026-01-28 22:12:34 INFO  org.main.Main - Login successful. userId=9
2026-01-28 22:12:38 INFO  org.main.Main - User menu option selected: 8
2026-01-28 22:12:44 INFO  service.UserService - Verification code sent to ianmolkumar25@gmail.com
2026-01-28 22:13:16 INFO  service.UserService - Master password updated for userId=9
2026-01-28 22:13:21 INFO  org.main.Main - User menu option selected: 9
