2026-01-29 00:10:40 INFO  org.main.Main - Password Manager application started
2026-01-29 00:10:44 INFO  org.main.Main - Main menu choice selected: 3
2026-01-29 00:10:54 ERROR org.main.Main - Unhandled exception
java.sql.SQLSyntaxErrorException: Table 'password_manager.security_question' doesn't exist
	at com.mysql.cj.jdbc.exceptions.SQLError.createSQLException(SQLError.java:121) ~[mysql-connector-j-8.3.0.jar:8.3.0]
	at com.mysql.cj.jdbc.exceptions.SQLExceptionsMapping.translateException(SQLExceptionsMapping.java:122) ~[mysql-connector-j-8.3.0.jar:8.3.0]
	at com.mysql.cj.jdbc.ClientPreparedStatement.executeInternal(ClientPreparedStatement.java:912) ~[mysql-connector-j-8.3.0.jar:8.3.0]
	at com.mysql.cj.jdbc.ClientPreparedStatement.executeQuery(ClientPreparedStatement.java:968) ~[mysql-connector-j-8.3.0.jar:8.3.0]
	at dao.SecurityQuestionDAO.getQuestionByUserId(SecurityQuestionDAO.java:63) ~[classes/:?]
	at service.UserService.getSecurityQuestion(UserService.java:202) ~[classes/:?]
	at org.main.Main.main(Main.java:285) [classes/:?]
2026-01-29 00:15:17 INFO  org.main.Main - Password Manager application started
2026-01-29 00:15:20 INFO  org.main.Main - Main menu choice selected: 3
2026-01-29 00:15:28 ERROR org.main.Main - Unhandled exception
java.sql.SQLSyntaxErrorException: Table 'password_manager.security_question' doesn't exist
	at com.mysql.cj.jdbc.exceptions.SQLError.createSQLException(SQLError.java:121) ~[mysql-connector-j-8.3.0.jar:8.3.0]
	at com.mysql.cj.jdbc.exceptions.SQLExceptionsMapping.translateException(SQLExceptionsMapping.java:122) ~[mysql-connector-j-8.3.0.jar:8.3.0]
	at com.mysql.cj.jdbc.ClientPreparedStatement.executeInternal(ClientPreparedStatement.java:912) ~[mysql-connector-j-8.3.0.jar:8.3.0]
	at com.mysql.cj.jdbc.ClientPreparedStatement.executeQuery(ClientPreparedStatement.java:968) ~[mysql-connector-j-8.3.0.jar:8.3.0]
	at dao.SecurityQuestionDAO.getQuestionByUserId(SecurityQuestionDAO.java:63) ~[classes/:?]
	at service.UserService.getSecurityQuestion(UserService.java:202) ~[classes/:?]
	at org.main.Main.main(Main.java:285) [classes/:?]
2026-01-29 00:17:03 INFO  org.main.Main - Password Manager application started
2026-01-29 00:17:08 INFO  org.main.Main - Main menu choice selected: 3
2026-01-29 00:17:33 INFO  service.UserService - Master password reset for userId=8
2026-01-29 00:17:39 INFO  org.main.Main - Main menu choice selected: 3
2026-01-29 00:17:57 INFO  org.main.Main - Main menu choice selected: 2
2026-01-29 00:18:12 INFO  org.main.Main - Login successful. userId=8
2026-01-29 00:18:16 INFO  org.main.Main - User menu option selected: 1
2026-01-29 00:18:55 INFO  service.UserService - Profile updated for userId=8
2026-01-29 00:19:36 INFO  org.main.Main - User menu option selected: 5
2026-01-29 00:19:50 INFO  service.UserService - Password updated for passwordId=9
2026-01-29 00:20:05 INFO  org.main.Main - User menu option selected: 4
2026-01-29 00:23:05 INFO  org.main.Main - Password Manager application started
2026-01-29 00:23:09 INFO  org.main.Main - Main menu choice selected: 2
2026-01-29 00:23:27 INFO  org.main.Main - Login successful. userId=8
2026-01-29 00:23:34 INFO  org.main.Main - User menu option selected: 3
2026-01-29 00:25:20 INFO  org.main.Main - Password Manager application started
2026-01-29 00:25:24 INFO  org.main.Main - Main menu choice selected: 2
2026-01-29 00:25:40 INFO  org.main.Main - Login successful. userId=8
2026-01-29 00:25:43 INFO  org.main.Main - User menu option selected: 3
2026-01-29 00:29:12 INFO  org.main.Main - Password Manager application started
2026-01-29 00:29:17 INFO  org.main.Main - Main menu choice selected: 2
2026-01-29 00:29:36 INFO  org.main.Main - Login successful. userId=8
2026-01-29 00:29:42 INFO  org.main.Main - User menu option selected: 3
2026-01-29 00:30:36 INFO  org.main.Main - User menu option selected: 4
2026-01-29 00:31:02 INFO  org.main.Main - User menu option selected: 8
2026-01-29 00:31:08 INFO  service.UserService - Verification code sent to soumy15.01@gmail.com
2026-01-29 00:33:23 INFO  org.main.Main - Password Manager application started
2026-01-29 00:33:29 INFO  org.main.Main - Main menu choice selected: 2
2026-01-29 00:33:43 INFO  org.main.Main - Login successful. userId=8
2026-01-29 00:33:47 INFO  org.main.Main - User menu option selected: 8
2026-01-29 00:33:51 INFO  service.UserService - Verification code sent to soumy15.01@gmail.com
2026-01-29 00:34:26 INFO  org.main.Main - User menu option selected: 8
2026-01-29 00:34:31 INFO  service.UserService - Verification code sent to soumy15.01@gmail.com
2026-01-29 00:35:53 INFO  org.main.Main - User menu option selected: 8
2026-01-29 00:35:57 INFO  service.UserService - Verification code sent to soumy15.01@gmail.com
2026-01-29 00:37:55 INFO  org.main.Main - Password Manager application started
2026-01-29 00:38:00 INFO  org.main.Main - Main menu choice selected: 2
2026-01-29 00:38:12 INFO  org.main.Main - Login successful. userId=8
2026-01-29 00:38:15 INFO  org.main.Main - User menu option selected: 8
2026-01-29 00:38:20 INFO  service.UserService - Verification code sent to soumy15.01@gmail.com
2026-01-29 00:38:46 INFO  org.main.Main - User menu option selected: 8
2026-01-29 00:38:50 INFO  service.UserService - Verification code sent to soumy15.01@gmail.com
2026-01-29 01:08:28 INFO  org.main.Main - Password Manager application started
2026-01-29 01:08:32 INFO  org.main.Main - Main menu choice selected: 2
2026-01-29 01:08:46 INFO  org.main.Main - Login successful. userId=8
2026-01-29 01:09:46 INFO  org.main.Main - User menu option selected: 8
2026-01-29 01:09:51 INFO  service.UserService - Verification code sent to soumy15.01@gmail.com
2026-01-29 01:10:15 INFO  service.UserService - Master password updated for userId=8
2026-01-29 01:10:50 INFO  org.main.Main - User menu option selected: 8
2026-01-29 01:10:54 INFO  service.UserService - Verification code sent to soumy15.01@gmail.com
2026-01-29 01:11:11 INFO  service.UserService - Master password updated for userId=8
2026-01-29 01:11:44 INFO  org.main.Main - Password Manager application started
2026-01-29 01:11:48 INFO  org.main.Main - Main menu choice selected: 2
2026-01-29 01:12:06 INFO  org.main.Main - Login successful. userId=8
2026-01-29 01:12:11 INFO  org.main.Main - User menu option selected: 8
2026-01-29 01:12:15 INFO  service.UserService - Verification code sent to soumy15.01@gmail.com
2026-01-29 01:12:50 INFO  service.UserService - Master password updated for userId=8
2026-01-29 01:12:55 INFO  org.main.Main - User menu option selected: 8
2026-01-29 01:12:59 INFO  service.UserService - Verification code sent to soumy15.01@gmail.com
2026-01-29 01:13:19 INFO  org.main.Main - User menu option selected: 8
2026-01-29 01:13:23 INFO  service.UserService - Verification code sent to soumy15.01@gmail.com
2026-01-29 01:13:51 INFO  service.UserService - Master password updated for userId=8
2026-01-29 01:17:21 INFO  org.main.Main - User menu option selected: 1
2026-01-29 01:17:40 INFO  service.UserService - Profile updated for userId=8
2026-01-29 01:17:47 INFO  org.main.Main - User menu option selected: 3
2026-01-29 01:17:59 INFO  org.main.Main - User menu option selected: 3
2026-01-29 01:18:05 INFO  org.main.Main - User menu option selected: 4
2026-01-29 01:18:21 INFO  org.main.Main - User menu option selected: 5
2026-01-29 01:18:44 INFO  service.UserService - Password updated for passwordId=12
2026-01-29 01:18:53 INFO  org.main.Main - User menu option selected: 8
2026-01-29 01:18:57 INFO  service.UserService - Verification code sent to soumy15.01@gmail.com
