2026-01-22 00:22:59 INFO  org.main.Main - Password Manager application started
2026-01-22 00:23:03 INFO  org.main.Main - Main menu choice selected: 1
2026-01-22 00:24:15 INFO  service.UserService - Registering user: soumya15.01@gmail.com
2026-01-22 00:24:15 INFO  org.main.Main - User registered successfully. Email: soumya15.01@gmail.com
2026-01-22 00:24:18 INFO  org.main.Main - Main menu choice selected: 2
2026-01-22 00:25:00 INFO  service.UserService - Login attempt: soumya15.01@gmail.com
2026-01-22 00:25:00 INFO  org.main.Main - Login successful. userId=1
2026-01-22 00:25:00 INFO  org.main.Main - User menu option selected: 123456789 (userId=1)
2026-01-22 00:25:06 INFO  org.main.Main - User menu option selected: 2 (userId=1)
2026-01-22 00:25:32 INFO  service.UserService - Adding account Instagram for userId=1
2026-01-22 00:25:32 INFO  org.main.Main - Account added. userId=1, account=Instagram
2026-01-22 00:25:46 INFO  org.main.Main - User menu option selected: 2 (userId=1)
2026-01-22 00:26:02 INFO  service.UserService - Adding account Facebook for userId=1
2026-01-22 00:26:02 INFO  org.main.Main - Account added. userId=1, account=Facebook
2026-01-22 00:26:07 INFO  org.main.Main - User menu option selected: 3 (userId=1)
2026-01-22 00:26:07 INFO  org.main.Main - Listing accounts. userId=1
2026-01-22 00:26:07 INFO  service.UserService - Listing passwords for userId=1
2026-01-22 00:26:53 INFO  org.main.Main - User menu option selected: 4 (userId=1)
2026-01-22 00:26:53 INFO  service.UserService - Listing passwords for userId=1
2026-01-22 00:27:10 INFO  service.UserService - Viewing password for accountId=2
2026-01-22 00:27:10 INFO  org.main.Main - Viewed account details. userId=1, accountId=2
2026-01-22 00:27:52 INFO  org.main.Main - User menu option selected: 8 (userId=1)
2026-01-22 00:27:52 INFO  service.UserService - Generating verification code for userId=1
2026-01-22 00:27:52 INFO  org.main.Main - Verification code generated. userId=1
2026-01-22 00:39:58 INFO  org.main.Main - Password Manager application started
2026-01-22 00:41:31 INFO  org.main.Main - Main menu choice selected: 1
2026-01-22 00:41:51 INFO  service.UserService - Registering user: soumya15.01@gmail.com
2026-01-22 00:41:51 INFO  service.UserService - User registered successfully. userId=1
2026-01-22 00:41:51 INFO  org.main.Main - User registered successfully. Email: soumya15.01@gmail.com
2026-01-22 00:41:54 INFO  org.main.Main - Main menu choice selected: 2
2026-01-22 00:42:26 INFO  service.UserService - Login attempt: soumya15.01@gmail.com
2026-01-22 00:42:26 INFO  org.main.Main - Login successful. userId=1
2026-01-22 00:42:30 INFO  org.main.Main - User menu option selected: 2 (userId=1)
2026-01-22 00:42:41 ERROR org.main.Main - Unhandled exception occurred
java.lang.NumberFormatException: For input string: "y"
	at java.base/java.lang.NumberFormatException.forInputString(NumberFormatException.java:67) ~[?:?]
	at java.base/java.lang.Integer.parseInt(Integer.java:662) ~[?:?]
	at java.base/java.lang.Integer.parseInt(Integer.java:778) ~[?:?]
	at org.main.Main.main(Main.java:104) [classes/:?]
2026-01-22 00:42:55 INFO  org.main.Main - Main menu choice selected: 2
2026-01-22 00:42:58 INFO  service.UserService - Login attempt: 
2026-01-22 00:42:58 WARN  org.main.Main - Failed login attempt. Email=
2026-01-22 00:43:01 INFO  org.main.Main - Main menu choice selected: 2
2026-01-22 00:43:16 INFO  service.UserService - Login attempt: soumya15.01@gmail.com
2026-01-22 00:43:16 INFO  org.main.Main - Login successful. userId=1
2026-01-22 00:43:21 INFO  org.main.Main - User menu option selected: 2 (userId=1)
2026-01-22 00:43:38 INFO  service.UserService - Adding account instagram for userId=1
2026-01-22 00:43:38 INFO  org.main.Main - Account added. userId=1, account=instagram
2026-01-22 00:43:42 INFO  org.main.Main - User menu option selected: 2 (userId=1)
2026-01-22 00:44:00 INFO  service.UserService - Adding account facebook for userId=1
2026-01-22 00:44:00 INFO  org.main.Main - Account added. userId=1, account=facebook
2026-01-22 00:44:04 INFO  org.main.Main - User menu option selected: 3 (userId=1)
2026-01-22 00:44:04 INFO  org.main.Main - Listing accounts. userId=1
2026-01-22 00:44:04 INFO  service.UserService - Listing passwords for userId=1
2026-01-22 00:44:13 INFO  org.main.Main - User menu option selected: 4 (userId=1)
2026-01-22 00:44:13 INFO  service.UserService - Listing passwords for userId=1
2026-01-22 00:44:22 INFO  service.UserService - Viewing password for accountId=2
2026-01-22 00:44:22 INFO  org.main.Main - Viewed account details. userId=1, accountId=2
2026-01-22 00:44:39 INFO  org.main.Main - User menu option selected: 5 (userId=1)
2026-01-22 00:44:39 INFO  service.UserService - Listing passwords for userId=1
2026-01-22 00:44:50 INFO  service.UserService - Updating password for accountId=1
2026-01-22 00:44:50 INFO  org.main.Main - Password updated. accountId=1
2026-01-22 00:44:56 INFO  org.main.Main - User menu option selected: 4 (userId=1)
2026-01-22 00:44:56 INFO  service.UserService - Listing passwords for userId=1
2026-01-22 00:45:01 INFO  service.UserService - Viewing password for accountId=1
2026-01-22 00:45:01 INFO  org.main.Main - Viewed account details. userId=1, accountId=1
2026-01-22 00:45:17 INFO  org.main.Main - User menu option selected: 6 (userId=1)
2026-01-22 00:45:17 INFO  service.UserService - Listing passwords for userId=1
2026-01-22 00:45:21 INFO  service.UserService - Deleting password for accountId=2
2026-01-22 00:45:21 WARN  org.main.Main - Account deleted. accountId=2
2026-01-22 00:45:32 INFO  org.main.Main - User menu option selected: 7 (userId=1)
2026-01-22 00:45:43 INFO  service.UserService - Changing security question for userId=1
2026-01-22 00:45:43 INFO  org.main.Main - Security question changed. userId=1
2026-01-22 00:45:48 INFO  org.main.Main - User menu option selected: 8 (userId=1)
2026-01-22 00:45:48 INFO  service.UserService - Verification code generated for userId=1
2026-01-22 00:45:52 ERROR org.main.Main - Unhandled exception occurred
java.lang.RuntimeException: jakarta.mail.AuthenticationFailedException: 535-5.7.8 Username and Password not accepted. For more information, go to
535 5.7.8  https://support.google.com/mail/?p=BadCredentials 41be03b00d2f7-c5edf130f1csm15327313a12.0 - gsmtp

	at util.EmailUtil.sendEmail(EmailUtil.java:38) ~[classes/:?]
	at service.UserService.generateVerificationCode(UserService.java:187) ~[classes/:?]
	at org.main.Main.main(Main.java:183) [classes/:?]
Caused by: jakarta.mail.AuthenticationFailedException: 535-5.7.8 Username and Password not accepted. For more information, go to
535 5.7.8  https://support.google.com/mail/?p=BadCredentials 41be03b00d2f7-c5edf130f1csm15327313a12.0 - gsmtp

	at com.sun.mail.smtp.SMTPTransport$Authenticator.authenticate(SMTPTransport.java:947) ~[jakarta.mail-2.0.1.jar:2.0.1]
	at com.sun.mail.smtp.SMTPTransport.authenticate(SMTPTransport.java:858) ~[jakarta.mail-2.0.1.jar:2.0.1]
	at com.sun.mail.smtp.SMTPTransport.protocolConnect(SMTPTransport.java:762) ~[jakarta.mail-2.0.1.jar:2.0.1]
	at jakarta.mail.Service.connect(Service.java:364) ~[jakarta.mail-2.0.1.jar:2.0.1]
	at jakarta.mail.Service.connect(Service.java:222) ~[jakarta.mail-2.0.1.jar:2.0.1]
	at jakarta.mail.Service.connect(Service.java:171) ~[jakarta.mail-2.0.1.jar:2.0.1]
	at jakarta.mail.Transport.send0(Transport.java:230) ~[jakarta.mail-2.0.1.jar:2.0.1]
	at jakarta.mail.Transport.send(Transport.java:100) ~[jakarta.mail-2.0.1.jar:2.0.1]
	at util.EmailUtil.sendEmail(EmailUtil.java:35) ~[classes/:?]
	... 2 more
2026-01-22 00:46:30 INFO  org.main.Main - Password Manager application started
2026-01-22 00:46:33 INFO  org.main.Main - Main menu choice selected: 2
2026-01-22 00:46:45 INFO  service.UserService - Login attempt: soumya15.01@gmail.com
2026-01-22 00:46:45 WARN  org.main.Main - Failed login attempt. Email=soumya15.01@gmail.com
2026-01-22 00:47:08 INFO  org.main.Main - Main menu choice selected: 2
2026-01-22 00:47:25 INFO  service.UserService - Login attempt: soumya15.01@gmail.com
2026-01-22 00:47:25 WARN  org.main.Main - Failed login attempt. Email=soumya15.01@gmail.com
2026-01-22 00:47:33 INFO  org.main.Main - Main menu choice selected: 2
2026-01-22 00:47:48 INFO  service.UserService - Login attempt: soumya15.01@gmail.com
2026-01-22 00:47:48 WARN  org.main.Main - Failed login attempt. Email=soumya15.01@gmail.com
2026-01-22 00:58:47 INFO  org.main.Main - Password Manager application started
2026-01-22 00:58:50 INFO  org.main.Main - Main menu choice selected: 2
2026-01-22 00:59:10 INFO  service.UserService - Login attempt: soumya15.01@gmail.com
2026-01-22 00:59:19 ERROR org.main.Main - Unhandled exception occurred
java.sql.SQLSyntaxErrorException: Unknown column 'master_password' in 'where clause'
	at com.mysql.cj.jdbc.exceptions.SQLError.createSQLException(SQLError.java:121) ~[mysql-connector-j-8.3.0.jar:8.3.0]
	at com.mysql.cj.jdbc.exceptions.SQLExceptionsMapping.translateException(SQLExceptionsMapping.java:122) ~[mysql-connector-j-8.3.0.jar:8.3.0]
	at com.mysql.cj.jdbc.ClientPreparedStatement.executeInternal(ClientPreparedStatement.java:912) ~[mysql-connector-j-8.3.0.jar:8.3.0]
	at com.mysql.cj.jdbc.ClientPreparedStatement.executeQuery(ClientPreparedStatement.java:968) ~[mysql-connector-j-8.3.0.jar:8.3.0]
	at dao.UserDAO.login(UserDAO.java:88) ~[classes/:?]
	at service.UserService.login(UserService.java:85) ~[classes/:?]
	at org.main.Main.main(Main.java:56) [classes/:?]
2026-01-22 00:59:19 ERROR org.main.Main - Unhandled exception occurred
java.lang.NumberFormatException: For input string: ""
	at java.base/java.lang.NumberFormatException.forInputString(NumberFormatException.java:67) ~[?:?]
	at java.base/java.lang.Integer.parseInt(Integer.java:672) ~[?:?]
	at java.base/java.lang.Integer.parseInt(Integer.java:778) ~[?:?]
	at org.main.Main.main(Main.java:30) [classes/:?]
2026-01-22 00:59:30 INFO  org.main.Main - Main menu choice selected: 2
2026-01-22 00:59:43 INFO  service.UserService - Login attempt: soumya15.01@gmail.com
2026-01-22 00:59:43 ERROR org.main.Main - Unhandled exception occurred
java.sql.SQLSyntaxErrorException: Unknown column 'master_password' in 'where clause'
	at com.mysql.cj.jdbc.exceptions.SQLError.createSQLException(SQLError.java:121) ~[mysql-connector-j-8.3.0.jar:8.3.0]
	at com.mysql.cj.jdbc.exceptions.SQLExceptionsMapping.translateException(SQLExceptionsMapping.java:122) ~[mysql-connector-j-8.3.0.jar:8.3.0]
	at com.mysql.cj.jdbc.ClientPreparedStatement.executeInternal(ClientPreparedStatement.java:912) ~[mysql-connector-j-8.3.0.jar:8.3.0]
	at com.mysql.cj.jdbc.ClientPreparedStatement.executeQuery(ClientPreparedStatement.java:968) ~[mysql-connector-j-8.3.0.jar:8.3.0]
	at dao.UserDAO.login(UserDAO.java:88) ~[classes/:?]
	at service.UserService.login(UserService.java:85) ~[classes/:?]
	at org.main.Main.main(Main.java:56) [classes/:?]
2026-01-22 01:02:05 INFO  org.main.Main - Password Manager application started
2026-01-22 01:03:41 INFO  org.main.Main - Main menu choice selected: 2
2026-01-22 01:03:55 INFO  service.UserService - Login attempt: soumya15.01@gmail.com
2026-01-22 01:03:55 WARN  org.main.Main - Failed login attempt. Email=soumya15.01@gmail.com
2026-01-22 01:04:07 INFO  org.main.Main - Main menu choice selected: 1
2026-01-22 01:04:32 INFO  service.UserService - Registering user: soumya15.01@gmail.com
2026-01-22 01:04:32 INFO  service.UserService - User registered successfully. userId=1
2026-01-22 01:04:32 INFO  org.main.Main - User registered successfully. Email: soumya15.01@gmail.com
2026-01-22 01:05:04 INFO  org.main.Main - Main menu choice selected: 2
2026-01-22 01:05:18 INFO  service.UserService - Login attempt: soumya15.01@gmail.com
2026-01-22 01:05:18 WARN  org.main.Main - Failed login attempt. Email=soumya15.01@gmail.com
2026-01-22 01:08:22 INFO  org.main.Main - Password Manager application started
2026-01-22 01:08:41 INFO  org.main.Main - Main menu choice selected: 1
2026-01-22 01:09:04 INFO  org.main.Main - Password Manager application started
2026-01-22 01:09:16 INFO  org.main.Main - Main menu choice selected: 1
2026-01-22 01:09:41 INFO  service.UserService - Registering user: soumya15.01@gmail.com
2026-01-22 01:09:41 INFO  service.UserService - User registered successfully. userId=1
2026-01-22 01:09:41 INFO  org.main.Main - User registered successfully. Email: soumya15.01@gmail.com
2026-01-22 01:09:43 INFO  org.main.Main - Main menu choice selected: 2
2026-01-22 01:09:55 INFO  service.UserService - Login attempt: soumya15.01@gmail.com
2026-01-22 01:09:56 WARN  org.main.Main - Failed login attempt. Email=soumya15.01@gmail.com
2026-01-22 01:25:56 INFO  org.main.Main - Password Manager application started
2026-01-22 01:26:01 INFO  org.main.Main - Main menu choice selected: 1
2026-01-22 01:26:24 INFO  org.main.Main - Password Manager application started
2026-01-22 01:26:26 INFO  org.main.Main - Main menu choice selected: 1
2026-01-22 01:26:46 INFO  service.UserService - Registering user: soumya15.01@gmail.com
2026-01-22 01:26:47 INFO  service.UserService - User registered successfully. userId=6
2026-01-22 01:26:47 INFO  org.main.Main - User registered successfully. Email: soumya15.01@gmail.com
2026-01-22 01:26:53 INFO  org.main.Main - Main menu choice selected: 2
2026-01-22 01:27:08 INFO  service.UserService - Login attempt: soumya15.01@gmail.com
2026-01-22 01:27:08 INFO  org.main.Main - Login successful. userId=6
2026-01-22 01:27:15 INFO  org.main.Main - User menu option selected: 2 (userId=6)
2026-01-22 01:27:33 INFO  service.UserService - Adding account instagram for userId=6
2026-01-22 01:27:33 INFO  org.main.Main - Account added. userId=6, account=instagram
2026-01-22 01:27:36 INFO  org.main.Main - User menu option selected: 2 (userId=6)
2026-01-22 01:28:00 INFO  service.UserService - Adding account Facebook for userId=6
2026-01-22 01:28:00 INFO  org.main.Main - Account added. userId=6, account=Facebook
2026-01-22 01:28:12 INFO  org.main.Main - User menu option selected: 3 (userId=6)
2026-01-22 01:28:12 INFO  org.main.Main - Listing accounts. userId=6
2026-01-22 01:28:12 INFO  service.UserService - Listing passwords for userId=6
2026-01-22 01:28:19 INFO  org.main.Main - User menu option selected: 4 (userId=6)
2026-01-22 01:28:19 INFO  service.UserService - Listing passwords for userId=6
2026-01-22 01:28:25 INFO  service.UserService - Viewing password for accountId=1
2026-01-22 01:28:25 INFO  org.main.Main - Viewed account details. userId=6, accountId=1
2026-01-22 01:28:36 INFO  org.main.Main - User menu option selected: 7 (userId=6)
2026-01-22 01:28:47 INFO  service.UserService - Changing security question for userId=6
2026-01-22 01:28:47 INFO  org.main.Main - Security question changed. userId=6
2026-01-22 01:28:54 INFO  org.main.Main - User menu option selected: 8 (userId=6)
2026-01-22 01:28:54 INFO  service.UserService - Verification code generated for userId=6
2026-01-22 01:29:00 INFO  org.main.Main - Verification code generated. userId=6
2026-01-22 01:30:21 INFO  service.UserService - Validating verification code for userId=6
2026-01-22 01:30:21 WARN  org.main.Main - Invalid verification code. userId=6
2026-01-22 01:30:30 INFO  org.main.Main - User menu option selected: 9 (userId=6)
2026-01-22 01:30:30 INFO  org.main.Main - User logged out. userId=6
2026-01-22 01:30:33 INFO  org.main.Main - Main menu choice selected: 2
2026-01-22 01:30:45 INFO  service.UserService - Login attempt: soumya15.01@gmail.com
2026-01-22 01:30:45 INFO  org.main.Main - Login successful. userId=6
2026-01-22 01:36:46 INFO  org.main.Main - Password Manager application started
2026-01-22 01:36:50 INFO  org.main.Main - Main menu choice selected: 2
2026-01-22 01:37:03 INFO  service.UserService - Login attempt: soumya15.01@gmail.com
2026-01-22 01:37:04 ERROR org.main.Main - Unhandled exception occurred
java.lang.NullPointerException: Cannot read field "userId" because the return value of "java.util.Map.get(Object)" is null
	at service.UserService.getUserId(UserService.java:97) ~[classes/:?]
	at org.main.Main.main(Main.java:57) [classes/:?]
2026-01-22 01:44:46 INFO  org.main.Main - Password Manager application started
2026-01-22 01:44:49 INFO  org.main.Main - Main menu choice selected: 2
2026-01-22 01:45:02 INFO  service.UserService - Login attempt: soumya15.01@gmail.com
2026-01-22 01:45:02 INFO  org.main.Main - Login successful. userId=6
2026-01-22 01:45:10 INFO  org.main.Main - User menu option selected: 3 (userId=6)
2026-01-22 01:45:10 INFO  org.main.Main - Listing accounts. userId=6
2026-01-22 01:45:10 INFO  service.UserService - Listing passwords for userId=6
2026-01-22 01:45:10 ERROR org.main.Main - Unhandled exception occurred
java.lang.NullPointerException: Cannot invoke "java.util.List.isEmpty()" because "accounts" is null
	at service.UserService.listPasswords(UserService.java:141) ~[classes/:?]
	at org.main.Main.main(Main.java:129) [classes/:?]
2026-01-22 01:49:47 INFO  org.main.Main - Password Manager application started
2026-01-22 01:49:51 INFO  org.main.Main - Main menu choice selected: 2
2026-01-22 01:50:08 INFO  org.main.Main - Password Manager application started
2026-01-22 01:50:10 INFO  org.main.Main - Main menu choice selected: 2
2026-01-22 01:50:22 INFO  service.UserService - Login attempt: soumya15.01@gmail.com
2026-01-22 01:50:22 INFO  service.UserService - Vault initialized for userId=6
2026-01-22 01:50:22 INFO  org.main.Main - Login successful. userId=6
2026-01-22 01:50:27 INFO  org.main.Main - User menu option selected: 3 (userId=6)
2026-01-22 01:50:27 INFO  org.main.Main - Listing accounts. userId=6
2026-01-22 01:50:27 INFO  service.UserService - Listing passwords for userId=6
2026-01-22 01:50:55 INFO  org.main.Main - User menu option selected: 2 (userId=6)
2026-01-22 01:51:11 INFO  service.UserService - Adding account instagram for userId=6
2026-01-22 01:51:11 INFO  org.main.Main - Account added. userId=6, account=instagram
2026-01-22 01:51:15 INFO  org.main.Main - User menu option selected: 3 (userId=6)
2026-01-22 01:51:15 INFO  org.main.Main - Listing accounts. userId=6
2026-01-22 01:51:15 INFO  service.UserService - Listing passwords for userId=6
2026-01-22 01:51:21 INFO  org.main.Main - User menu option selected: 8 (userId=6)
2026-01-22 01:51:21 ERROR org.main.Main - Unhandled exception occurred
java.lang.RuntimeException: User not found!
	at service.UserService.getUserById(UserService.java:250) ~[classes/:?]
	at service.UserService.generateVerificationCode(UserService.java:209) ~[classes/:?]
	at org.main.Main.main(Main.java:183) [classes/:?]
2026-01-22 01:58:15 INFO  org.main.Main - Password Manager application started
2026-01-22 01:58:18 INFO  org.main.Main - Main menu choice selected: 2
2026-01-22 01:58:32 INFO  service.UserService - Login attempt: soumya15.01@gmail.com
2026-01-22 01:58:32 ERROR org.main.Main - Unhandled exception occurred
java.sql.SQLSyntaxErrorException: Unknown column 'userId' in 'where clause'
	at com.mysql.cj.jdbc.exceptions.SQLError.createSQLException(SQLError.java:121) ~[mysql-connector-j-8.3.0.jar:8.3.0]
	at com.mysql.cj.jdbc.exceptions.SQLExceptionsMapping.translateException(SQLExceptionsMapping.java:122) ~[mysql-connector-j-8.3.0.jar:8.3.0]
	at com.mysql.cj.jdbc.ClientPreparedStatement.executeInternal(ClientPreparedStatement.java:912) ~[mysql-connector-j-8.3.0.jar:8.3.0]
	at com.mysql.cj.jdbc.ClientPreparedStatement.executeQuery(ClientPreparedStatement.java:968) ~[mysql-connector-j-8.3.0.jar:8.3.0]
	at dao.UserDAO.getUserById(UserDAO.java:118) ~[classes/:?]
	at service.UserService.login(UserService.java:97) ~[classes/:?]
	at org.main.Main.main(Main.java:56) [classes/:?]
2026-01-22 01:59:56 INFO  org.main.Main - Password Manager application started
2026-01-22 01:59:59 INFO  org.main.Main - Main menu choice selected: 2
2026-01-22 02:00:12 INFO  service.UserService - Login attempt: soumya15.01@gmail.com
2026-01-22 02:00:12 INFO  service.UserService - Vault initialized for userId=6
2026-01-22 02:00:12 INFO  org.main.Main - Login successful. userId=6
2026-01-22 02:00:18 INFO  org.main.Main - User menu option selected: 8 (userId=6)
2026-01-22 02:00:18 ERROR org.main.Main - Unhandled exception occurred
java.lang.RuntimeException: User not found!
	at service.UserService.getUserById(UserService.java:250) ~[classes/:?]
	at service.UserService.generateVerificationCode(UserService.java:209) ~[classes/:?]
	at org.main.Main.main(Main.java:183) [classes/:?]
