2026-01-26 22:44:04 WARN  service.UserService - Invalid login attempt for fake@gmail.com
2026-01-26 22:47:25 WARN  service.UserService - Invalid login attempt for fake@gmail.com
2026-01-26 22:48:42 WARN  service.UserService - Invalid login attempt for fake@gmail.com
2026-01-26 22:48:51 INFO  org.main.Main - Password Manager application started
2026-01-26 22:48:57 INFO  org.main.Main - Main menu choice selected: 1
2026-01-26 22:49:23 INFO  org.main.Main - Password Manager application started
2026-01-26 22:49:26 INFO  org.main.Main - Main menu choice selected: 2
2026-01-26 22:49:45 INFO  org.main.Main - Login successful. userId=8
2026-01-26 22:49:52 INFO  org.main.Main - User menu option selected: 3
2026-01-26 22:50:03 INFO  org.main.Main - User menu option selected: 2
2026-01-26 22:50:32 INFO  service.UserService - Password added for userId=8 account=Instagram
2026-01-26 22:50:46 INFO  org.main.Main - User menu option selected: 3
2026-01-26 22:50:54 INFO  org.main.Main - User menu option selected: 4
2026-01-26 22:52:02 INFO  org.main.Main - User menu option selected: 7
2026-01-26 22:52:14 INFO  service.UserService - Security question updated for userId=8
2026-01-26 22:52:36 INFO  org.main.Main - User menu option selected: 9
2026-01-26 22:52:49 INFO  org.main.Main - Main menu choice selected: 3
2026-01-26 22:55:54 INFO  org.main.Main - Password Manager application started
2026-01-26 22:56:00 INFO  org.main.Main - Main menu choice selected: 2
2026-01-26 22:56:18 INFO  org.main.Main - Login successful. userId=8
2026-01-26 22:56:38 INFO  org.main.Main - User menu option selected: 2
2026-01-26 22:57:09 INFO  service.UserService - Password added for userId=8 account=SnapChat
2026-01-26 22:57:16 INFO  org.main.Main - User menu option selected: 4
2026-01-26 23:00:44 INFO  org.main.Main - Password Manager application started
2026-01-26 23:00:50 INFO  org.main.Main - Main menu choice selected: 2
2026-01-26 23:01:05 INFO  org.main.Main - Login successful. userId=8
2026-01-26 23:01:12 INFO  org.main.Main - User menu option selected: 6
2026-01-26 23:01:16 INFO  service.UserService - Password deleted for passwordId=10
2026-01-26 23:01:26 INFO  org.main.Main - User menu option selected: 2
2026-01-26 23:01:48 INFO  service.UserService - Password added for userId=8 account=Snapchat
2026-01-26 23:01:54 INFO  org.main.Main - User menu option selected: 4
2026-01-26 23:02:29 INFO  org.main.Main - User menu option selected: 6
2026-01-26 23:02:32 INFO  service.UserService - Password deleted for passwordId=7
2026-01-26 23:02:43 INFO  org.main.Main - User menu option selected: 2
2026-01-26 23:03:00 INFO  service.UserService - Password added for userId=8 account=Facebook
2026-01-26 23:03:07 INFO  org.main.Main - User menu option selected: 4
2026-01-26 23:03:44 INFO  org.main.Main - User menu option selected: 5
2026-01-26 23:04:01 INFO  service.UserService - Password updated for passwordId=9
2026-01-26 23:04:49 INFO  org.main.Main - User menu option selected: 8
2026-01-26 23:04:56 INFO  service.UserService - Verification code sent to soumy15.01@gmail.com
2026-01-26 23:05:30 INFO  service.UserService - Master password updated for userId=8
2026-01-26 23:10:33 INFO  org.main.Main - User menu option selected: 9
2026-01-26 23:10:37 INFO  org.main.Main - Main menu choice selected: 3
